#
# There is insufficient memory for the Java Runtime Environment to continue.
# Native memory allocation (malloc) failed to allocate 579616 bytes for Chunk::new
# Possible reasons:
#   The system is out of physical RAM or swap space
#   In 32 bit mode, the process size limit was hit
# Possible solutions:
#   Reduce memory load on the system
#   Increase physical memory or swap space
#   Check if swap backing store is full
#   Use 64 bit Java on a 64 bit OS
#   Decrease Java heap size (-Xmx/-Xms)
#   Decrease number of Java threads
#   Decrease Java thread stack sizes (-Xss)
#   Set larger code cache with -XX:ReservedCodeCacheSize=
# This output file may be truncated or incomplete.
#
#  Out of Memory Error (allocation.cpp:390), pid=4260, tid=0x0000000000001970
#
# JRE version: Java(TM) SE Runtime Environment (8.0_111-b14) (build 1.8.0_111-b14)
# Java VM: Java HotSpot(TM) 64-Bit Server VM (25.111-b14 mixed mode windows-amd64 compressed oops)
# Failed to write core dump. Minidumps are not enabled by default on client versions of Windows
#

---------------  T H R E A D  ---------------

Current thread (0x0000000014a21000):  JavaThread "C2 CompilerThread1" daemon [_thread_in_native, id=6512, stack(0x0000000016170000,0x0000000016270000)]

Stack: [0x0000000016170000,0x0000000016270000]
[error occurred during error reporting (printing stack bounds), id 0xc0000005]

Native frames: (J=compiled Java code, j=interpreted, Vv=VM code, C=native code)


Current CompileTask:
C2:   1145  839       4       javax.swing.plaf.nimbus.NimbusDefaults$LazyStyle::matches (229 bytes)


---------------  P R O C E S S  ---------------

Java Threads: ( => current thread )
  0x0000000002321000 JavaThread "DestroyJavaVM" [_thread_blocked, id=6088, stack(0x0000000000960000,0x0000000000a60000)]
  0x00000000166e3800 JavaThread "AWT-EventQueue-0" [_thread_in_native, id=1484, stack(0x0000000017370000,0x0000000017470000)]
  0x00000000166cd000 JavaThread "AWT-Windows" daemon [_thread_in_native, id=316, stack(0x0000000016cb0000,0x0000000016db0000)]
  0x00000000166ca800 JavaThread "AWT-Shutdown" [_thread_blocked, id=1900, stack(0x0000000016bb0000,0x0000000016cb0000)]
  0x00000000166c9000 JavaThread "Java2D Disposer" daemon [_thread_blocked, id=4236, stack(0x0000000016ab0000,0x0000000016bb0000)]
  0x0000000014a7d800 JavaThread "Service Thread" daemon [_thread_blocked, id=3540, stack(0x0000000016770000,0x0000000016870000)]
  0x0000000014a29000 JavaThread "C1 CompilerThread2" daemon [_thread_blocked, id=320, stack(0x0000000016270000,0x0000000016370000)]
=>0x0000000014a21000 JavaThread "C2 CompilerThread1" daemon [_thread_in_native, id=6512, stack(0x0000000016170000,0x0000000016270000)]
  0x0000000014a1f000 JavaThread "C2 CompilerThread0" daemon [_thread_in_native, id=9000, stack(0x0000000016070000,0x0000000016170000)]
  0x0000000014a1c800 JavaThread "Attach Listener" daemon [_thread_blocked, id=1724, stack(0x0000000015f70000,0x0000000016070000)]
  0x0000000014a1b800 JavaThread "Signal Dispatcher" daemon [_thread_blocked, id=6580, stack(0x0000000015e70000,0x0000000015f70000)]
  0x000000000241c000 JavaThread "Finalizer" daemon [_thread_blocked, id=9172, stack(0x0000000015c70000,0x0000000015d70000)]
  0x00000000149e9000 JavaThread "Reference Handler" daemon [_thread_blocked, id=1904, stack(0x0000000015b70000,0x0000000015c70000)]

Other Threads:
  0x00000000149e8000 VMThread [stack: 0x0000000015a70000,0x0000000015b70000] [id=7936]
  0x00000000163ae000 WatcherThread [stack: 0x0000000016870000,0x0000000016970000] [id=6532]

VM state:not at safepoint (normal execution)

VM Mutex/Monitor currently owned by a thread: None

Heap:
 PSYoungGen      total 18944K, used 9517K [0x00000000eb380000, 0x00000000ec880000, 0x0000000100000000)
  eden space 16384K, 58% used [0x00000000eb380000,0x00000000ebccb730,0x00000000ec380000)
  from space 2560K, 0% used [0x00000000ec600000,0x00000000ec600000,0x00000000ec880000)
  to   space 2560K, 0% used [0x00000000ec380000,0x00000000ec380000,0x00000000ec600000)
 ParOldGen       total 44032K, used 0K [0x00000000c1a00000, 0x00000000c4500000, 0x00000000eb380000)
  object space 44032K, 0% used [0x00000000c1a00000,0x00000000c1a00000,0x00000000c4500000)
 Metaspace       used 12809K, capacity 13016K, committed 13440K, reserved 1060864K
  class space    used 1770K, capacity 1842K, committed 1920K, reserved 1048576K

Card table byte_map: [0x0000000011800000,0x0000000011a00000] byte_map_base: 0x00000000111f3000

Marking Bits: (ParMarkBitMap*) 0x000000006cbaa6c0
 Begin Bits: [0x0000000011f50000, 0x0000000012ee8000)
 End Bits:   [0x0000000012ee8000, 0x0000000013e80000)

Polling page: 0x0000000000480000

CodeCache: size=245760Kb used=3193Kb max_used=3193Kb free=242566Kb
 bounds [0x0000000002440000, 0x0000000002760000, 0x0000000011440000]
 total_blobs=1327 nmethods=872 adapters=367
 compilation: enabled

Compilation events (10 events):
Event: 1.114 Thread 0x0000000014a29000  871       1       java.lang.ThreadLocal::access$400 (5 bytes)
Event: 1.115 Thread 0x0000000014a29000 nmethod 871 0x000000000275e110 code [0x000000000275e260, 0x000000000275e350]
Event: 1.115 Thread 0x0000000014a29000  873       3       java.lang.Integer::reverseBytes (26 bytes)
Event: 1.115 Thread 0x0000000014a29000 nmethod 873 0x000000000275e790 code [0x000000000275e8e0, 0x000000000275ea30]
Event: 1.115 Thread 0x0000000014a29000  874       3       java.util.Arrays::copyOf (19 bytes)
Event: 1.116 Thread 0x0000000014a29000 nmethod 874 0x000000000275ea90 code [0x000000000275ec00, 0x000000000275ef28]
Event: 1.116 Thread 0x0000000014a29000  875       3       java.util.Properties::getProperty (46 bytes)
Event: 1.116 Thread 0x0000000014a29000 nmethod 875 0x000000000275f050 code [0x000000000275f1e0, 0x000000000275f6f8]
Event: 1.116 Thread 0x0000000014a29000  876       1       java.nio.charset.Charset::name (5 bytes)
Event: 1.116 Thread 0x0000000014a29000 nmethod 876 0x000000000275f810 code [0x000000000275f960, 0x000000000275fa70]

GC Heap History (0 events):
No events

Deoptimization events (6 events):
Event: 0.389 Thread 0x0000000002321000 Uncommon trap: reason=null_check action=make_not_entrant pc=0x00000000025b13dc method=java.lang.String.equals(Ljava/lang/Object;)Z @ 8
Event: 0.850 Thread 0x00000000166e3800 Uncommon trap: reason=unstable_if action=reinterpret pc=0x0000000002637dac method=java.util.HashMap.putVal(ILjava/lang/Object;Ljava/lang/Object;ZZ)Ljava/lang/Object; @ 109
Event: 0.850 Thread 0x00000000166e3800 Uncommon trap: reason=unstable_if action=reinterpret pc=0x000000000262c35c method=java.util.HashMap.putVal(ILjava/lang/Object;Ljava/lang/Object;ZZ)Ljava/lang/Object; @ 109
Event: 0.858 Thread 0x00000000166e3800 Uncommon trap: reason=null_check action=make_not_entrant pc=0x000000000266a6f4 method=javax.swing.plaf.nimbus.DerivedColor.equals(Ljava/lang/Object;)Z @ 8
Event: 1.041 Thread 0x00000000166e3800 Uncommon trap: reason=unstable_if action=reinterpret pc=0x00000000027274f4 method=sun.awt.SunToolkit.isInstanceOf(Ljava/lang/Class;Ljava/lang/String;)Z @ 14
Event: 1.088 Thread 0x00000000166e3800 Uncommon trap: reason=unstable_if action=reinterpret pc=0x0000000002643cb8 method=java.lang.String.indexOf([CII[CIII)I @ 3

Internal exceptions (10 events):
Event: 0.465 Thread 0x0000000002321000 Exception <a 'java/lang/ClassNotFoundException': ToggleButton> (0x00000000eb6d7618) thrown at [C:\re\workspace\8-2-build-windows-amd64-cygwin\jdk8u111\7883\hotspot\src\share\vm\classfile\systemDictionary.cpp, line 210]
Event: 0.465 Thread 0x0000000002321000 Exception <a 'java/lang/ClassNotFoundException': javax/swing/JToolBarSeparator> (0x00000000eb6d7a78) thrown at [C:\re\workspace\8-2-build-windows-amd64-cygwin\jdk8u111\7883\hotspot\src\share\vm\classfile\systemDictionary.cpp, line 210]
Event: 0.465 Thread 0x0000000002321000 Exception <a 'java/lang/ClassNotFoundException': ToolBarSeparator> (0x00000000eb6d7f10) thrown at [C:\re\workspace\8-2-build-windows-amd64-cygwin\jdk8u111\7883\hotspot\src\share\vm\classfile\systemDictionary.cpp, line 210]
Event: 0.465 Thread 0x0000000002321000 Exception <a 'java/lang/ClassNotFoundException': ToolTip> (0x00000000eb6d8650) thrown at [C:\re\workspace\8-2-build-windows-amd64-cygwin\jdk8u111\7883\hotspot\src\share\vm\classfile\systemDictionary.cpp, line 210]
Event: 0.467 Thread 0x0000000002321000 Exception <a 'java/lang/ClassNotFoundException': Tree> (0x00000000eb6d9270) thrown at [C:\re\workspace\8-2-build-windows-amd64-cygwin\jdk8u111\7883\hotspot\src\share\vm\classfile\systemDictionary.cpp, line 210]
Event: 0.467 Thread 0x0000000002321000 Exception <a 'java/lang/ClassNotFoundException': Tree> (0x00000000eb6d99b0) thrown at [C:\re\workspace\8-2-build-windows-amd64-cygwin\jdk8u111\7883\hotspot\src\share\vm\classfile\systemDictionary.cpp, line 210]
Event: 0.468 Thread 0x0000000002321000 Exception <a 'java/lang/ClassNotFoundException': javax/swing/JTreeCell> (0x00000000eb6d9d30) thrown at [C:\re\workspace\8-2-build-windows-amd64-cygwin\jdk8u111\7883\hotspot\src\share\vm\classfile\systemDictionary.cpp, line 210]
Event: 0.468 Thread 0x0000000002321000 Exception <a 'java/lang/ClassNotFoundException': TreeCell> (0x00000000eb6da1b8) thrown at [C:\re\workspace\8-2-build-windows-amd64-cygwin\jdk8u111\7883\hotspot\src\share\vm\classfile\systemDictionary.cpp, line 210]
Event: 0.469 Thread 0x0000000002321000 Exception <a 'java/lang/ClassNotFoundException': RootPane> (0x00000000eb6dac18) thrown at [C:\re\workspace\8-2-build-windows-amd64-cygwin\jdk8u111\7883\hotspot\src\share\vm\classfile\systemDictionary.cpp, line 210]
Event: 0.858 Thread 0x00000000166e3800 Implicit null exception at 0x000000000266a3da to 0x000000000266a6e5

Events (10 events):
Event: 1.119 loading class java/net/Inet4Address
Event: 1.119 loading class java/net/Inet4Address done
Event: 1.119 loading class java/net/Inet6Address
Event: 1.119 loading class java/net/Inet6Address done
Event: 1.120 loading class java/net/Inet6Address$Inet6AddressHolder
Event: 1.120 loading class java/net/Inet6Address$Inet6AddressHolder done
Event: 1.120 loading class java/net/InterfaceAddress
Event: 1.120 loading class java/net/InterfaceAddress done
Event: 1.120 loading class java/net/DefaultInterface
Event: 1.120 loading class java/net/DefaultInterface done


Dynamic libraries:
0x00007ff7fafd0000 - 0x00007ff7fb007000 	C:\Program Files\Java\jdk1.8.0_111\bin\java.exe
0x00007ffd6b1c0000 - 0x00007ffd6b3b0000 	C:\Windows\SYSTEM32\ntdll.dll
0x00007ffd6a790000 - 0x00007ffd6a842000 	C:\Windows\System32\KERNEL32.DLL
0x00007ffd68150000 - 0x00007ffd683f3000 	C:\Windows\System32\KERNELBASE.dll
0x00007ffd699b0000 - 0x00007ffd69a53000 	C:\Windows\System32\ADVAPI32.dll
0x00007ffd69a60000 - 0x00007ffd69afe000 	C:\Windows\System32\msvcrt.dll
0x00007ffd6af70000 - 0x00007ffd6b007000 	C:\Windows\System32\sechost.dll
0x00007ffd6a850000 - 0x00007ffd6a970000 	C:\Windows\System32\RPCRT4.dll
0x00007ffd6a4c0000 - 0x00007ffd6a654000 	C:\Windows\System32\USER32.dll
0x00007ffd68d80000 - 0x00007ffd68da1000 	C:\Windows\System32\win32u.dll
0x00007ffd6a9f0000 - 0x00007ffd6aa16000 	C:\Windows\System32\GDI32.dll
0x00007ffd68f30000 - 0x00007ffd690c4000 	C:\Windows\System32\gdi32full.dll
0x00007ffd69150000 - 0x00007ffd691ee000 	C:\Windows\System32\msvcp_win.dll
0x00007ffd68db0000 - 0x00007ffd68eaa000 	C:\Windows\System32\ucrtbase.dll
0x00007ffd53de0000 - 0x00007ffd54065000 	C:\Windows\WinSxS\amd64_microsoft.windows.common-controls_6595b64144ccf1df_6.0.18362.778_none_e6c6b761130d4fb8\COMCTL32.dll
0x00007ffd693f0000 - 0x00007ffd69726000 	C:\Windows\System32\combase.dll
0x00007ffd691f0000 - 0x00007ffd69270000 	C:\Windows\System32\bcryptPrimitives.dll
0x00007ffd69b00000 - 0x00007ffd69b2e000 	C:\Windows\System32\IMM32.DLL
0x000000006c2b0000 - 0x000000006c382000 	C:\Program Files\Java\jdk1.8.0_111\jre\bin\msvcr100.dll
0x000000006c390000 - 0x000000006cc2a000 	C:\Program Files\Java\jdk1.8.0_111\jre\bin\server\jvm.dll
0x00007ffd6b010000 - 0x00007ffd6b018000 	C:\Windows\System32\PSAPI.DLL
0x00007ffd648e0000 - 0x00007ffd64904000 	C:\Windows\SYSTEM32\WINMM.dll
0x00007ffd5c060000 - 0x00007ffd5c06a000 	C:\Windows\SYSTEM32\VERSION.dll
0x00007ffd648b0000 - 0x00007ffd648dd000 	C:\Windows\SYSTEM32\WINMMBASE.dll
0x00007ffd69100000 - 0x00007ffd6914a000 	C:\Windows\System32\cfgmgr32.dll
0x00007ffd62c70000 - 0x00007ffd62c79000 	C:\Windows\SYSTEM32\WSOCK32.dll
0x00007ffd69380000 - 0x00007ffd693ef000 	C:\Windows\System32\WS2_32.dll
0x000000006c260000 - 0x000000006c26f000 	C:\Program Files\Java\jdk1.8.0_111\jre\bin\verify.dll
0x000000006c230000 - 0x000000006c259000 	C:\Program Files\Java\jdk1.8.0_111\jre\bin\java.dll
0x000000006c210000 - 0x000000006c226000 	C:\Program Files\Java\jdk1.8.0_111\jre\bin\zip.dll
0x00007ffd69b90000 - 0x00007ffd6a275000 	C:\Windows\System32\SHELL32.dll
0x00007ffd692d0000 - 0x00007ffd69379000 	C:\Windows\System32\shcore.dll
0x00007ffd68400000 - 0x00007ffd68b80000 	C:\Windows\System32\windows.storage.dll
0x00007ffd680d0000 - 0x00007ffd680f3000 	C:\Windows\System32\profapi.dll
0x00007ffd68100000 - 0x00007ffd6814a000 	C:\Windows\System32\powrprof.dll
0x00007ffd68080000 - 0x00007ffd68090000 	C:\Windows\System32\UMPDC.dll
0x00007ffd69270000 - 0x00007ffd692c2000 	C:\Windows\System32\shlwapi.dll
0x00007ffd68090000 - 0x00007ffd680a1000 	C:\Windows\System32\kernel.appcore.dll
0x00007ffd68f10000 - 0x00007ffd68f27000 	C:\Windows\System32\cryptsp.dll
0x000000006c030000 - 0x000000006c1c8000 	C:\Program Files\Java\jdk1.8.0_111\jre\bin\awt.dll
0x00007ffd69730000 - 0x00007ffd697f4000 	C:\Windows\System32\OLEAUT32.dll
0x00007ffd66220000 - 0x00007ffd662af000 	C:\Windows\SYSTEM32\apphelp.dll
0x00007ffd663e0000 - 0x00007ffd66479000 	C:\Windows\system32\uxtheme.dll
0x00007ffd6a360000 - 0x00007ffd6a496000 	C:\Windows\System32\MSCTF.dll
0x00007ffd6b020000 - 0x00007ffd6b177000 	C:\Windows\System32\ole32.dll
0x00007ffd664f0000 - 0x00007ffd6651d000 	C:\Windows\system32\DWMAPI.DLL
0x000000006bfe0000 - 0x000000006c027000 	C:\Program Files\Java\jdk1.8.0_111\jre\bin\fontmanager.dll
0x000000006c1f0000 - 0x000000006c20a000 	C:\Program Files\Java\jdk1.8.0_111\jre\bin\net.dll
0x00007ffd678f0000 - 0x00007ffd67957000 	C:\Windows\system32\mswsock.dll
0x000000006c1d0000 - 0x000000006c1e1000 	C:\Program Files\Java\jdk1.8.0_111\jre\bin\nio.dll
0x000000006bf90000 - 0x000000006bfd2000 	C:\Program Files\Java\jdk1.8.0_111\jre\bin\t2k.dll
0x00007ffd67460000 - 0x00007ffd67493000 	C:\Windows\system32\rsaenh.dll
0x00007ffd690d0000 - 0x00007ffd690f6000 	C:\Windows\System32\bcrypt.dll
0x00007ffd67f70000 - 0x00007ffd67f95000 	C:\Windows\SYSTEM32\USERENV.dll
0x00007ffd67ac0000 - 0x00007ffd67acc000 	C:\Windows\SYSTEM32\CRYPTBASE.dll
0x00007ffd67600000 - 0x00007ffd6763a000 	C:\Windows\SYSTEM32\IPHLPAPI.DLL
0x00007ffd6a970000 - 0x00007ffd6a978000 	C:\Windows\System32\NSI.dll
0x00007ffd5c550000 - 0x00007ffd5c566000 	C:\Windows\SYSTEM32\dhcpcsvc6.DLL
0x00007ffd5c8a0000 - 0x00007ffd5c8bc000 	C:\Windows\SYSTEM32\dhcpcsvc.DLL
0x00007ffd67640000 - 0x00007ffd6770a000 	C:\Windows\SYSTEM32\DNSAPI.dll

VM Arguments:
jvm_args: -Dfile.encoding=UTF-8 
java_command: Gui.jHomePage
java_class_path (initial): D:\Java Project\hant\build\classes
Launcher Type: SUN_STANDARD

Environment Variables:
JAVA_HOME= C:\Program Files\Java\jdk1.7.0_02\bin
PATH=C:\ProgramData\Oracle\Java\javapath;C:\Program Files (x86)\NVIDIA Corporation\PhysX\Common;C:\Windows\system32;C:\Windows;C:\Windows\System32\Wbem;C:\Windows\System32\WindowsPowerShell\v1.0\;C:\Windows\System32\OpenSSH\;JAVA_HOME;C:\Program Files\IVI Foundation\VISA\Win64\Bin\;C:\Program Files (x86)\IVI Foundation\VISA\WinNT\Bin\;C:\Program Files (x86)\Windows Live\Shared;C:\cygwin64\bin;C:\Users\USCS\AppData\Local\Programs\Python\Python39\Scripts;C:\Program Files\dotnet\;C:\Program Files\Git\cmd;C:\Program Files\Microsoft SQL Server\130\Tools\Binn\;C:\Program Files\Microsoft SQL Server\Client SDK\ODBC\170\Tools\Binn\;C:\Program Files (x86)\Microsoft SQL Server\150\Tools\Binn\;C:\Program Files\Microsoft SQL Server\150\Tools\Binn\;C:\Program Files\Microsoft SQL Server\150\DTS\Binn\;D:\Anazz\MatLab\runtime\win64;D:\Anazz\MatLab\bin;D:\Anazz\MatLab\polyspace\bin;C:\Program Files (x86)\dotnet\;D:\Anazz\;C:\Users\USCS\AppData\Local\Microsoft\WindowsApps;C:\Users\USCS\AppData\Local\Programs\Microsoft VS Code\bin;C:\Users\USCS\.dotnet\tools;C:\Program Files\Java\jdk1.7.0_02\bin;C:\Users\USCS\AppData\Roaming\npm
USERNAME=USCS
OS=Windows_NT
PROCESSOR_IDENTIFIER=Intel64 Family 6 Model 69 Stepping 1, GenuineIntel



---------------  S Y S T E M  ---------------

OS: Windows 10.0 , 64 bit Build 18362 (10.0.18362.778)

CPU:total 4 (2 cores per cpu, 2 threads per core) family 6 model 69 stepping 1, cmov, cx8, fxsr, mmx, sse, sse2, sse3, ssse3, sse4.1, sse4.2, popcnt, avx, avx2, aes, clmul, erms, lzcnt, ht, tsc, tscinvbit, bmi1, bmi2

Memory: 4k page, physical 4079976k(635192k free), swap 10371432k(5308k free)

vm_info: Java HotSpot(TM) 64-Bit Server VM (25.111-b14) for windows-amd64 JRE (1.8.0_111-b14), built on Sep 22 2016 19:24:05 by "java_re" with MS VC++ 10.0 (VS2010)

time: Mon Dec 12 16:30:26 2022
elapsed time: 1 seconds (0d 0h 0m 1s)

